<?xml version="1.0" encoding="UTF-8"?>
<!-- Generated by org.testng.reporters.JUnitReportReporter -->
<testsuite hostname="DESKTOP-ALD5IL5" failures="0" tests="1" name="br.com.oatsolutions.selenium.demo.NewTest" time="11.367" errors="0" timestamp="2021-03-15T17:48:42 BRT" skipped="0">
  <testcase classname="br.com.oatsolutions.selenium.demo.NewTest" name="locateWebsite" time="11.367"/>
  <system-out/>
</testsuite> <!-- br.com.oatsolutions.selenium.demo.NewTest -->
